G75*
G70*
%OFA0B0*%
%FSLAX24Y24*%
%IPPOS*%
%LPD*%
%AMOC8*
5,1,8,0,0,1.08239X$1,22.5*
%
%ADD10C,0.0000*%
D10*
X000940Y000760D02*
X011500Y000760D01*
X011529Y000762D01*
X011557Y000767D01*
X011585Y000776D01*
X011612Y000787D01*
X011636Y000802D01*
X011659Y000820D01*
X011680Y000841D01*
X011698Y000864D01*
X011713Y000888D01*
X011724Y000915D01*
X011733Y000943D01*
X011738Y000971D01*
X011740Y001000D01*
X011740Y011140D01*
X011738Y011174D01*
X011732Y011207D01*
X011723Y011239D01*
X011710Y011270D01*
X011694Y011300D01*
X011675Y011327D01*
X011652Y011352D01*
X011627Y011375D01*
X011600Y011394D01*
X011570Y011410D01*
X011539Y011423D01*
X011507Y011432D01*
X011474Y011438D01*
X011440Y011440D01*
X010300Y011440D01*
X010258Y011442D01*
X010217Y011447D01*
X010176Y011456D01*
X010136Y011469D01*
X010097Y011485D01*
X010060Y011504D01*
X010025Y011527D01*
X009991Y011552D01*
X009961Y011581D01*
X009932Y011611D01*
X009907Y011645D01*
X009884Y011680D01*
X009865Y011717D01*
X009849Y011756D01*
X009836Y011796D01*
X009827Y011837D01*
X009822Y011878D01*
X009820Y011920D01*
X009820Y012880D01*
X009818Y012909D01*
X009813Y012937D01*
X009804Y012965D01*
X009793Y012992D01*
X009778Y013016D01*
X009760Y013039D01*
X009739Y013060D01*
X009716Y013078D01*
X009692Y013093D01*
X009665Y013104D01*
X009637Y013113D01*
X009609Y013118D01*
X009580Y013120D01*
X002860Y013120D01*
X002831Y013118D01*
X002803Y013113D01*
X002775Y013104D01*
X002748Y013093D01*
X002724Y013078D01*
X002701Y013060D01*
X002680Y013039D01*
X002662Y013016D01*
X002647Y012992D01*
X002636Y012965D01*
X002627Y012937D01*
X002622Y012909D01*
X002620Y012880D01*
X002620Y011920D01*
X002618Y011878D01*
X002613Y011837D01*
X002604Y011796D01*
X002591Y011756D01*
X002575Y011717D01*
X002556Y011680D01*
X002533Y011645D01*
X002508Y011611D01*
X002479Y011581D01*
X002449Y011552D01*
X002415Y011527D01*
X002380Y011504D01*
X002343Y011485D01*
X002304Y011469D01*
X002264Y011456D01*
X002223Y011447D01*
X002182Y011442D01*
X002140Y011440D01*
X000940Y011440D01*
X000911Y011438D01*
X000883Y011433D01*
X000855Y011424D01*
X000828Y011413D01*
X000804Y011398D01*
X000781Y011380D01*
X000760Y011359D01*
X000742Y011336D01*
X000727Y011312D01*
X000716Y011285D01*
X000707Y011257D01*
X000702Y011229D01*
X000700Y011200D01*
X000700Y001000D01*
X000702Y000971D01*
X000707Y000943D01*
X000716Y000915D01*
X000727Y000888D01*
X000742Y000864D01*
X000760Y000841D01*
X000781Y000820D01*
X000804Y000802D01*
X000828Y000787D01*
X000855Y000776D01*
X000883Y000767D01*
X000911Y000762D01*
X000940Y000760D01*
M02*
